2024-07-16 09:20:21 -  - exec CUpdateClientPartner::__CollectRequestData
2024-07-16 09:20:21 -  - exec CUpdateClientPartner::GetHTTPPage
2024-07-16 09:20:21 -  - exec CUpdateClientPartner::ParseServerData
2024-07-16 09:20:21 -  - exec CUpdateClientPartner::GetUpdatesList
2024-07-16 09:20:21 -  - exec CUpdateClientPartner::__CollectRequestData
2024-07-16 09:20:21 -  - utf=Y&lang=ru&stable=Y&CANGZIP=Y&SUPD_DBS=MYSQL&XE=N&CLIENT_SITE=stazh-1.45-86-181-97.ip.dev.2204535.ru&LICENSE_KEY=X&SUPD_STS=1&SUPD_URS=1&TYPENC=D&CLIENT_PHPVER=8.2.7&NGINX=Y&dbv=10.6.11&instm=main%2C23.300.100%2CY%3Bmessageservice%2C23.0.0%2CN%3Bfileman%2C22.300.0%2CN%3Bvote%2C23.0.0%2CN%3Bsearch%2C22.100.0%2CN%3Bbitrix.sitecorporate%2C15.5.0%2CN%3Blanding%2C23.600.150%2CN%3Bbitrix.sitepersonal%2C15.5.0%2CN%3Bbitrixcloud%2C22.100.0%2CN%3Bblog%2C22.0.0%2CN%3Bclouds%2C23.0.0%2CN%3Bb24connector%2C22.0.0%2CN%3Blocation%2C23.0.0%2CN%3Bui%2C22.1600.0%2CN%3Bhighloadblock%2C22.200.0%2CN%3Bforum%2C23.0.0%2CN%3Bsecurity%2C21.300.0%2CN%3Bperfmon%2C21.0.0%2CN%3Bbitrix.siteinfoportal%2C15.5.0%2CN%3Bsocialservices%2C22.200.400%2CN%3Brest%2C23.100.0%2CN%3Bphotogallery%2C22.0.200%2CN%3Bmobileapp%2C23.0.0%2CN%3Bseo%2C23.200.0%2CN%3Bsubscribe%2C21.0.0%2CN%3Biblock%2C23.100.0%2CN%3Bform%2C22.0.0%2CN%3Bscale%2C21.0.0%2CN%3Btranslate%2C23.200.0%2CN&reqm=bitrix.sitecorporate%2Cbitrix.sitepersonal%2Cbitrix.siteinfoportal&fullmoduleinfo=Y&SUPD_SRS=RU&SUPD_CMP=N
2024-07-16 09:20:21 -  - exec CUpdateClientPartner::GetHTTPPage
2024-07-16 09:20:21 -  - TIME GetUpdatesList(request) 0.176 sec
2024-07-16 09:20:21 -  - exec CUpdateClientPartner::ParseServerData
2024-07-16 09:20:21 -  - exec CUpdateClientPartner::__CollectRequestData
2024-07-16 09:20:21 -  - exec CUpdateClientPartner::GetHTTPPage
2024-07-16 09:20:21 -  - exec CUpdateClientPartner::ParseServerData
2024-07-17 09:21:16 -  - exec CUpdateClientPartner::__CollectRequestData
2024-07-17 09:21:16 -  - exec CUpdateClientPartner::GetHTTPPage
2024-07-17 09:21:16 -  - exec CUpdateClientPartner::ParseServerData
2024-07-17 09:21:16 -  - exec CUpdateClientPartner::GetUpdatesList
2024-07-17 09:21:16 -  - exec CUpdateClientPartner::__CollectRequestData
2024-07-17 09:21:16 -  - utf=Y&lang=ru&stable=Y&CANGZIP=Y&SUPD_DBS=MYSQL&XE=N&CLIENT_SITE=stazh-1.45-86-181-97.ip.dev.2204535.ru&LICENSE_KEY=X&SUPD_STS=1&SUPD_URS=0&TYPENC=D&CLIENT_PHPVER=8.2.7&NGINX=Y&dbv=10.6.11&instm=main%2C24.0.500%2CY%3Bmessageservice%2C24.350.0%2CN%3Bfileman%2C24.100.0%2CN%3Bvote%2C24.0.0%2CN%3Bsearch%2C24.0.0%2CN%3Bbitrix.sitecorporate%2C15.5.0%2CN%3Blanding%2C24.400.200%2CN%3Bbitrix.sitepersonal%2C15.5.0%2CN%3Bbitrixcloud%2C24.0.0%2CN%3Bblog%2C24.0.0%2CN%3Bclouds%2C24.0.0%2CN%3Bb24connector%2C24.0.0%2CN%3Blocation%2C24.0.0%2CN%3Bui%2C24.200.300%2CN%3Bhighloadblock%2C23.100.100%2CN%3Bforum%2C24.100.300%2CN%3Bsecurity%2C24.0.0%2CN%3Bperfmon%2C24.0.0%2CN%3Bbitrix.siteinfoportal%2C15.5.0%2CN%3Bsocialservices%2C24.0.200%2CN%3Brest%2C24.200.0%2CN%3Bphotogallery%2C24.0.0%2CN%3Bmobileapp%2C24.0.0%2CN%3Bseo%2C24.0.0%2CN%3Bsubscribe%2C24.0.0%2CN%3Biblock%2C23.400.300%2CN%3Bform%2C24.0.0%2CN%3Bscale%2C21.0.0%2CN%3Btranslate%2C24.0.0%2CN&reqm=bitrix.sitecorporate%2Cbitrix.sitepersonal%2Cbitrix.siteinfoportal&fullmoduleinfo=Y&SUPD_SRS=RU&SUPD_CMP=N
2024-07-17 09:21:16 -  - exec CUpdateClientPartner::GetHTTPPage
2024-07-17 09:21:16 -  - TIME GetUpdatesList(request) 0.236 sec
2024-07-17 09:21:16 -  - exec CUpdateClientPartner::ParseServerData
2024-07-17 09:21:16 -  - exec CUpdateClientPartner::__CollectRequestData
2024-07-17 09:21:16 -  - exec CUpdateClientPartner::GetHTTPPage
2024-07-17 09:21:16 -  - exec CUpdateClientPartner::ParseServerData
2024-07-18 09:38:08 -  - exec CUpdateClientPartner::__CollectRequestData
2024-07-18 09:38:08 -  - exec CUpdateClientPartner::GetHTTPPage
2024-07-18 09:38:08 -  - exec CUpdateClientPartner::ParseServerData
2024-07-18 09:38:08 -  - exec CUpdateClientPartner::GetUpdatesList
2024-07-18 09:38:08 -  - exec CUpdateClientPartner::__CollectRequestData
2024-07-18 09:38:08 -  - utf=Y&lang=ru&stable=Y&CANGZIP=Y&SUPD_DBS=MYSQL&XE=N&CLIENT_SITE=stazh-1.45-86-181-97.ip.dev.2204535.ru&LICENSE_KEY=X&SUPD_STS=1&SUPD_URS=0&TYPENC=D&CLIENT_PHPVER=8.2.7&NGINX=Y&dbv=10.6.11&instm=main%2C24.0.500%2CY%3Bmessageservice%2C24.350.0%2CN%3Bfileman%2C24.100.0%2CN%3Bvote%2C24.0.0%2CN%3Bsearch%2C24.0.0%2CN%3Bbitrix.sitecorporate%2C15.5.0%2CN%3Blanding%2C24.400.200%2CN%3Bbitrix.sitepersonal%2C15.5.0%2CN%3Bbitrixcloud%2C24.0.0%2CN%3Bblog%2C24.0.0%2CN%3Bclouds%2C24.0.0%2CN%3Bb24connector%2C24.0.0%2CN%3Blocation%2C24.0.0%2CN%3Bui%2C24.200.300%2CN%3Bhighloadblock%2C23.100.100%2CN%3Bforum%2C24.100.300%2CN%3Bsecurity%2C24.0.0%2CN%3Bperfmon%2C24.0.0%2CN%3Bbitrix.siteinfoportal%2C15.5.0%2CN%3Bsocialservices%2C24.0.200%2CN%3Brest%2C24.200.0%2CN%3Bphotogallery%2C24.0.0%2CN%3Bmobileapp%2C24.0.0%2CN%3Bseo%2C24.0.0%2CN%3Bsubscribe%2C24.0.0%2CN%3Biblock%2C23.400.300%2CN%3Bform%2C24.0.0%2CN%3Bscale%2C21.0.0%2CN%3Btranslate%2C24.0.0%2CN&reqm=bitrix.sitecorporate%2Cbitrix.sitepersonal%2Cbitrix.siteinfoportal&fullmoduleinfo=Y&SUPD_SRS=RU&SUPD_CMP=N
2024-07-18 09:38:08 -  - exec CUpdateClientPartner::GetHTTPPage
2024-07-18 09:38:08 -  - TIME GetUpdatesList(request) 0.178 sec
2024-07-18 09:38:08 -  - exec CUpdateClientPartner::ParseServerData
2024-07-18 09:38:08 -  - exec CUpdateClientPartner::__CollectRequestData
2024-07-18 09:38:08 -  - exec CUpdateClientPartner::GetHTTPPage
2024-07-18 09:38:09 -  - exec CUpdateClientPartner::ParseServerData
